<?xml version="1.0" encoding="UTF-8"?>
<!-- Generated by org.testng.reporters.JUnitReportReporter -->
<testsuite ignored="0" hostname="Zars" failures="0" tests="1" name="swagLabs.NewTest" time="0.027" errors="0" timestamp="04 Nov 2021 04:22:36 GMT" skipped="0">
  <testcase classname="swagLabs.NewTest" name="f" time="0.027"/>
</testsuite> <!-- swagLabs.NewTest -->
